// 重构日志: eab1a737
// 重构日志: 4a2f0a62
// 同步 ID: 25cae110 @ Sat Jul 11 05:03:43 UTC 2026
// 重构日志: fc731f1c
// 重构日志: ac6a0d53
// 重构日志: e42a6c40
// 同步 ID: ebac65c6 @ Sun Jul 12 18:06:39 UTC 2026
// 重构日志: 9478aa25
// 重构日志: 6fc05476
// 重构日志: ec5f545a
// 重构日志: 5f50bf57
// 同步 ID: 48fbc1f3 @ Tue Jul 14 17:16:18 UTC 2026
// 同步 ID: 89e13e1b @ Wed Jul 15 04:33:43 UTC 2026
// 同步 ID: c4b7957c @ Wed Jul 15 07:06:08 UTC 2026
// 重构日志: d175cf92
// 重构日志: efb08861
// 同步 ID: 0e86ddbe @ Thu Jul 16 04:45:12 UTC 2026
// 重构日志: 834197e0
// 重构日志: 9c6dfb2d
// 重构日志: 830f8b7e
// 重构日志: 85eb7bff
// 重构日志: fdd924d1
// 重构日志: f1fba8cd
// 重构日志: 79a98b9d
// 重构日志: ecb872aa
// 重构日志: a0a58102
// 重构日志: f9bd8684
// 重构日志: 6490956f
// 重构日志: b5c0aaf8
// 同步 ID: 561b5fcd @ Tue Jul 21 08:49:29 UTC 2026
// 重构日志: 28732c07
